<?xml version="1.0" encoding="UTF-8"?>
<!-- Generated by org.testng.reporters.JUnitReportReporter -->
<testsuite hostname="DELL" name="firstdemo.tests.FirstTest" tests="1" failures="0" timestamp="12 Jul 2016 10:30:40 GMT" time="9.498" errors="0">
  <testcase name="googleSearch" time="9.498" classname="firstdemo.tests.FirstTest"/>
</testsuite> <!-- firstdemo.tests.FirstTest -->
