<?xml version="1.0" encoding="UTF-8"?>
<!-- Generated by org.testng.reporters.JUnitReportReporter -->
<testsuite hostname="DELL" name="firstdemo.tests.FirstTest" tests="1" failures="0" timestamp="22 Jun 2016 06:38:26 GMT" time="4.660" errors="0">
  <testcase name="googleSearch" time="4.660" classname="firstdemo.tests.FirstTest"/>
</testsuite> <!-- firstdemo.tests.FirstTest -->
